<?xml version="1.0" encoding="UTF-8"?>
<robot generator="Robot 6.1.1 (Python 3.7.4 on win32)" generated="20250502 23:26:51.643" rpa="false" schemaversion="4">
<suite id="s1" name="Search Tests" source="d:\ProjectX2\ROBOT\search_tests.robot">
<test id="s1-t1" name="ค้นหาสินค้าที่มีอยู่และแสดงผลลัพธ์" line="22">
<kw name="เตรียมทดสอบค้นหาสินค้า" type="SETUP">
<kw name="เปิดเบราว์เซอร์" library="common">
<doc>เปิดเบราว์เซอร์และตั้งค่าต่างๆ</doc>
<kw name="Open Browser" library="SeleniumLibrary">
<arg>about:blank</arg>
<arg>${BROWSER}</arg>
<doc>Opens a new browser instance to the optional ``url``.</doc>
<msg timestamp="20250502 23:26:52.062" level="INFO">Opening browser 'chrome' to base url 'about:blank'.</msg>
<status status="PASS" starttime="20250502 23:26:52.062" endtime="20250502 23:26:58.169"/>
</kw>
<kw name="Set Window Size" library="SeleniumLibrary">
<arg>1366</arg>
<arg>768</arg>
<doc>Sets current windows size to given ``width`` and ``height``.</doc>
<status status="PASS" starttime="20250502 23:26:58.170" endtime="20250502 23:26:58.202"/>
</kw>
<kw name="Set Selenium Timeout" library="SeleniumLibrary">
<arg>${TIMEOUT}</arg>
<doc>Sets the timeout that is used by various keywords.</doc>
<status status="PASS" starttime="20250502 23:26:58.203" endtime="20250502 23:26:58.205"/>
</kw>
<status status="PASS" starttime="20250502 23:26:52.061" endtime="20250502 23:26:58.205"/>
</kw>
<kw name="Go To" library="SeleniumLibrary">
<arg>${URL}</arg>
<doc>Navigates the current browser window to the provided ``url``.</doc>
<msg timestamp="20250502 23:26:58.206" level="INFO">Opening url 'https://example.com/shop'</msg>
<status status="PASS" starttime="20250502 23:26:58.205" endtime="20250502 23:26:59.739"/>
</kw>
<kw name="Wait Until Element Is Visible" library="SeleniumLibrary">
<arg>${SEARCH_BOX}</arg>
<doc>Waits until the element ``locator`` is visible.</doc>
<msg timestamp="20250502 23:27:20.297" level="INFO" html="true">&lt;/td&gt;&lt;/tr&gt;&lt;tr&gt;&lt;td colspan="3"&gt;&lt;a href="selenium-screenshot-1.png"&gt;&lt;img src="selenium-screenshot-1.png" width="800px"&gt;&lt;/a&gt;</msg>
<msg timestamp="20250502 23:27:20.297" level="FAIL">Element 'id=search-input' not visible after 10 seconds.</msg>
<status status="FAIL" starttime="20250502 23:26:59.740" endtime="20250502 23:27:20.340"/>
</kw>
<status status="FAIL" starttime="20250502 23:26:52.061" endtime="20250502 23:27:20.341"/>
</kw>
<kw name="ปิดเบราว์เซอร์" library="common" type="TEARDOWN">
<doc>ปิดเบราว์เซอร์ทั้งหมด</doc>
<kw name="Close All Browsers" library="SeleniumLibrary">
<doc>Closes all open browsers and resets the browser cache.</doc>
<status status="PASS" starttime="20250502 23:27:20.342" endtime="20250502 23:27:22.501"/>
</kw>
<status status="PASS" starttime="20250502 23:27:20.341" endtime="20250502 23:27:22.502"/>
</kw>
<doc>ทดสอบการค้นหาสินค้าที่มีอยู่ในระบบ</doc>
<tag>positive</tag>
<tag>smoke</tag>
<status status="FAIL" starttime="20250502 23:26:52.059" endtime="20250502 23:27:22.502">Setup failed:
Element 'id=search-input' not visible after 10 seconds.</status>
</test>
<doc>ทดสอบระบบค้นหาสินค้าของแอปพลิเคชัน
ทดสอบการค้นหาสินค้าด้วยคำค้นต่างๆ</doc>
<status status="FAIL" starttime="20250502 23:26:51.649" endtime="20250502 23:27:22.503"/>
</suite>
<statistics>
<total>
<stat pass="0" fail="1" skip="0">All Tests</stat>
</total>
<tag>
<stat pass="0" fail="1" skip="0">positive</stat>
<stat pass="0" fail="1" skip="0">smoke</stat>
</tag>
<suite>
<stat pass="0" fail="1" skip="0" id="s1" name="Search Tests">Search Tests</stat>
</suite>
</statistics>
<errors>
</errors>
</robot>
